<?xml version="1.0" encoding="utf-8"?><testsuites name="pytest tests"><testsuite name="pytest" errors="0" failures="0" skipped="0" tests="14" time="3.953" timestamp="2026-01-25T17:32:45.486204+00:00" hostname="agent-env-dac4a303-99db-4835-9709-0b88cc0a6e71"><testcase classname="backend.tests.test_license_and_core.TestLicenseFeature" name="test_license_status_public" time="0.070" /><testcase classname="backend.tests.test_license_and_core.TestLicenseFeature" name="test_generate_trial_license" time="0.037" /><testcase classname="backend.tests.test_license_and_core.TestLicenseFeature" name="test_license_activation_flow" time="0.380" /><testcase classname="backend.tests.test_license_and_core.TestLicenseFeature" name="test_license_deactivation" time="0.489" /><testcase classname="backend.tests.test_license_and_core.TestLicenseFeature" name="test_invalid_license_key" time="0.294" /><testcase classname="backend.tests.test_license_and_core.TestAuthentication" name="test_login_success" time="0.293" /><testcase classname="backend.tests.test_license_and_core.TestAuthentication" name="test_login_invalid_credentials" time="0.038" /><testcase classname="backend.tests.test_license_and_core.TestAuthentication" name="test_get_current_user" time="0.293" /><testcase classname="backend.tests.test_license_and_core.TestDocumentOperations" name="test_list_documents" time="0.295" /><testcase classname="backend.tests.test_license_and_core.TestDocumentOperations" name="test_upload_document" time="0.300" /><testcase classname="backend.tests.test_license_and_core.TestDocumentOperations" name="test_document_checkout_checkin" time="0.437" /><testcase classname="backend.tests.test_license_and_core.TestDocumentOperations" name="test_document_search" time="0.294" /><testcase classname="backend.tests.test_license_and_core.TestDashboard" name="test_dashboard_stats" time="0.308" /><testcase classname="backend.tests.test_license_and_core.TestBranding" name="test_api_health" time="0.357" /></testsuite></testsuites>